# JRE version: OpenJDK Runtime Environment Temurin-21.0.6+7 (21.0.6+7) (build 21.0.6+7-LTS)
# Java VM: OpenJDK 64-Bit Server VM Temurin-21.0.6+7 (21.0.6+7-LTS, mixed mode, emulated-client, sharing, tiered, compressed oops, compressed class ptrs, g1 gc, windows-amd64)
GC Precious Log:
 CardTable entry size: 512
 Card Set container configuration: InlinePtr #cards 4 size 8 Array Of Cards #cards 16 size 48 Howl #buckets 8 coarsen threshold 3686 Howl Bitmap #cards 512 size 80 coarsen threshold 460 Card regions per heap region 1 cards per card region 4096
 CPUs: 4 total, 4 available
 Memory: 16348M
 Large Page Support: Disabled
 NUMA Support: Disabled
 Compressed Oops: Enabled (Zero based)
 Heap Region Size: 2M
 Heap Min Capacity: 8M
 Heap Initial Capacity: 256M
 Heap Max Capacity: 4088M
 Pre-touch: Disabled
 Parallel Workers: 4
 Concurrent Workers: 1
 Concurrent Refinement Workers: 4
 Periodic GC: Disabled
Heap:
 garbage-first heap   total 135168K, used 95117K [0x0000000700800000, 0x0000000800000000)
  region size 2048K, 27 young (55296K), 2 survivors (4096K)
 Metaspace       used 98331K, committed 99264K, reserved 1179648K
  class space    used 13371K, committed 13824K, reserved 1048576K
GC Heap History (20 events):
Event: 57.832 GC heap after
{Heap after GC invocations=34 (full 0):
 garbage-first heap   total 112640K, used 47394K [0x0000000700800000, 0x0000000800000000)
  region size 2048K, 2 young (4096K), 2 survivors (4096K)
 Metaspace       used 95770K, committed 96704K, reserved 1179648K
  class space    used 13101K, committed 13504K, reserved 1048576K
}
Event: 104.677 GC heap before
{Heap before GC invocations=35 (full 0):
 garbage-first heap   total 112640K, used 61730K [0x0000000700800000, 0x0000000800000000)
  region size 2048K, 10 young (20480K), 2 survivors (4096K)
 Metaspace       used 96853K, committed 97920K, reserved 1179648K
  class space    used 13271K, committed 13760K, reserved 1048576K
}
Event: 104.745 GC heap after
{Heap after GC invocations=36 (full 1):
 garbage-first heap   total 112640K, used 38926K [0x0000000700800000, 0x0000000800000000)
  region size 2048K, 0 young (0K), 0 survivors (0K)
 Metaspace       used 96667K, committed 97856K, reserved 1179648K
  class space    used 13268K, committed 13760K, reserved 1048576K
}
Event: 105.675 GC heap before
{Heap before GC invocations=36 (full 1):
 garbage-first heap   total 112640K, used 98318K [0x0000000700800000, 0x0000000800000000)
  region size 2048K, 30 young (61440K), 0 survivors (0K)
 Metaspace       used 96835K, committed 97856K, reserved 1179648K
  class space    used 13287K, committed 13760K, reserved 1048576K
}
Event: 105.679 GC heap after
{Heap after GC invocations=37 (full 1):
 garbage-first heap   total 112640K, used 42982K [0x0000000700800000, 0x0000000800000000)
  region size 2048K, 2 young (4096K), 2 survivors (4096K)
 Metaspace       used 96835K, committed 97856K, reserved 1179648K
  class space    used 13287K, committed 13760K, reserved 1048576K
}
Event: 106.526 GC heap before
{Heap before GC invocations=38 (full 1):
 garbage-first heap   total 112640K, used 96230K [0x0000000700800000, 0x0000000800000000)
  region size 2048K, 28 young (57344K), 2 survivors (4096K)
 Metaspace       used 96988K, committed 98112K, reserved 1179648K
  class space    used 13234K, committed 13760K, reserved 1048576K
}
Event: 106.532 GC heap after
{Heap after GC invocations=39 (full 1):
 garbage-first heap   total 112640K, used 47258K [0x0000000700800000, 0x0000000800000000)
  region size 2048K, 4 young (8192K), 4 survivors (8192K)
 Metaspace       used 96988K, committed 98112K, reserved 1179648K
  class space    used 13234K, committed 13760K, reserved 1048576K
}
Event: 108.130 GC heap before
{Heap before GC invocations=39 (full 1):
 garbage-first heap   total 112640K, used 55450K [0x0000000700800000, 0x0000000800000000)
  region size 2048K, 9 young (18432K), 4 survivors (8192K)
 Metaspace       used 97007K, committed 98112K, reserved 1179648K
  class space    used 13237K, committed 13760K, reserved 1048576K
}
Event: 108.194 GC heap after
{Heap after GC invocations=40 (full 2):
 garbage-first heap   total 112640K, used 36240K [0x0000000700800000, 0x0000000800000000)
  region size 2048K, 0 young (0K), 0 survivors (0K)
 Metaspace       used 97007K, committed 98112K, reserved 1179648K
  class space    used 13237K, committed 13760K, reserved 1048576K
}
Event: 109.227 GC heap before
{Heap before GC invocations=40 (full 2):
 garbage-first heap   total 112640K, used 97680K [0x0000000700800000, 0x0000000800000000)
  region size 2048K, 30 young (61440K), 0 survivors (0K)
 Metaspace       used 97171K, committed 98112K, reserved 1179648K
  class space    used 13257K, committed 13760K, reserved 1048576K
}
Event: 109.231 GC heap after
{Heap after GC invocations=41 (full 2):
 garbage-first heap   total 135168K, used 41007K [0x0000000700800000, 0x0000000800000000)
  region size 2048K, 3 young (6144K), 3 survivors (6144K)
 Metaspace       used 97171K, committed 98112K, reserved 1179648K
  class space    used 13257K, committed 13760K, reserved 1048576K
}
Event: 113.025 GC heap before
{Heap before GC invocations=42 (full 2):
 garbage-first heap   total 135168K, used 112687K [0x0000000700800000, 0x0000000800000000)
  region size 2048K, 39 young (79872K), 3 survivors (6144K)
 Metaspace       used 97717K, committed 98624K, reserved 1179648K
  class space    used 13306K, committed 13760K, reserved 1048576K
}
Event: 113.031 GC heap after
{Heap after GC invocations=43 (full 2):
 garbage-first heap   total 135168K, used 44410K [0x0000000700800000, 0x0000000800000000)
  region size 2048K, 4 young (8192K), 4 survivors (8192K)
 Metaspace       used 97717K, committed 98624K, reserved 1179648K
  class space    used 13306K, committed 13760K, reserved 1048576K
}
Event: 113.117 GC heap before
{Heap before GC invocations=43 (full 2):
 garbage-first heap   total 135168K, used 52602K [0x0000000700800000, 0x0000000800000000)
  region size 2048K, 9 young (18432K), 4 survivors (8192K)
 Metaspace       used 97717K, committed 98624K, reserved 1179648K
  class space    used 13306K, committed 13760K, reserved 1048576K
}
Event: 113.123 GC heap after
{Heap after GC invocations=44 (full 2):
 garbage-first heap   total 135168K, used 45418K [0x0000000700800000, 0x0000000800000000)
  region size 2048K, 4 young (8192K), 4 survivors (8192K)
 Metaspace       used 97717K, committed 98624K, reserved 1179648K
  class space    used 13306K, committed 13760K, reserved 1048576K
}
Event: 131.927 GC heap before
{Heap before GC invocations=45 (full 2):
 garbage-first heap   total 135168K, used 106858K [0x0000000700800000, 0x0000000800000000)
  region size 2048K, 33 young (67584K), 4 survivors (8192K)
 Metaspace       used 98065K, committed 99008K, reserved 1179648K
  class space    used 13338K, committed 13824K, reserved 1048576K
}
Event: 131.932 GC heap after
{Heap after GC invocations=46 (full 2):
 garbage-first heap   total 135168K, used 46982K [0x0000000700800000, 0x0000000800000000)
  region size 2048K, 2 young (4096K), 2 survivors (4096K)
 Metaspace       used 98065K, committed 99008K, reserved 1179648K
  class space    used 13338K, committed 13824K, reserved 1048576K
}
Event: 132.808 GC heap before
{Heap before GC invocations=46 (full 2):
 garbage-first heap   total 135168K, used 104326K [0x0000000700800000, 0x0000000800000000)
  region size 2048K, 30 young (61440K), 2 survivors (4096K)
 Metaspace       used 98146K, committed 99072K, reserved 1179648K
  class space    used 13342K, committed 13824K, reserved 1048576K
}
Event: 132.810 GC heap after
{Heap after GC invocations=47 (full 2):
 garbage-first heap   total 135168K, used 45642K [0x0000000700800000, 0x0000000800000000)
  region size 2048K, 2 young (4096K), 2 survivors (4096K)
 Metaspace       used 98146K, committed 99072K, reserved 1179648K
  class space    used 13342K, committed 13824K, reserved 1048576K
}
Event: 436.502 GC heap before
{Heap before GC invocations=48 (full 2):
 garbage-first heap   total 135168K, used 94794K [0x0000000700800000, 0x0000000800000000)
  region size 2048K, 27 young (55296K), 2 survivors (4096K)
 Metaspace       used 98331K, committed 99264K, reserved 1179648K
  class space    used 13371K, committed 13824K, reserved 1048576K
}

