# JRE version: OpenJDK Runtime Environment Temurin-21.0.6+7 (21.0.6+7) (build 21.0.6+7-LTS)
# Java VM: OpenJDK 64-Bit Server VM Temurin-21.0.6+7 (21.0.6+7-LTS, mixed mode, emulated-client, sharing, tiered, compressed oops, compressed class ptrs, g1 gc, windows-amd64)
GC Precious Log:
 CardTable entry size: 512
 Card Set container configuration: InlinePtr #cards 4 size 8 Array Of Cards #cards 16 size 48 Howl #buckets 8 coarsen threshold 3686 Howl Bitmap #cards 512 size 80 coarsen threshold 460 Card regions per heap region 1 cards per card region 4096
 CPUs: 4 total, 4 available
 Memory: 16348M
 Large Page Support: Disabled
 NUMA Support: Disabled
 Compressed Oops: Enabled (Zero based)
 Heap Region Size: 2M
 Heap Min Capacity: 8M
 Heap Initial Capacity: 256M
 Heap Max Capacity: 4088M
 Pre-touch: Disabled
 Parallel Workers: 4
 Concurrent Workers: 1
 Concurrent Refinement Workers: 4
 Periodic GC: Disabled
Heap:
 garbage-first heap   total 131072K, used 54471K [0x0000000700800000, 0x0000000800000000)
  region size 2048K, 7 young (14336K), 4 survivors (8192K)
 Metaspace       used 116427K, committed 117696K, reserved 1179648K
  class space    used 14759K, committed 15360K, reserved 1048576K
GC Heap History (20 events):
Event: 2279.354 GC heap before
{Heap before GC invocations=115 (full 22):
 garbage-first heap   total 131072K, used 112550K [0x0000000700800000, 0x0000000800000000)
  region size 2048K, 35 young (71680K), 0 survivors (0K)
 Metaspace       used 112325K, committed 113408K, reserved 1179648K
  class space    used 14414K, committed 14912K, reserved 1048576K
}
Event: 2279.359 GC heap after
{Heap after GC invocations=116 (full 22):
 garbage-first heap   total 131072K, used 45851K [0x0000000700800000, 0x0000000800000000)
  region size 2048K, 3 young (6144K), 3 survivors (6144K)
 Metaspace       used 112325K, committed 113408K, reserved 1179648K
  class space    used 14414K, committed 14912K, reserved 1048576K
}
Event: 2286.602 GC heap before
{Heap before GC invocations=117 (full 22):
 garbage-first heap   total 131072K, used 107291K [0x0000000700800000, 0x0000000800000000)
  region size 2048K, 34 young (69632K), 3 survivors (6144K)
 Metaspace       used 112947K, committed 114048K, reserved 1179648K
  class space    used 14463K, committed 14976K, reserved 1048576K
}
Event: 2286.666 GC heap after
{Heap after GC invocations=118 (full 23):
 garbage-first heap   total 131072K, used 41318K [0x0000000700800000, 0x0000000800000000)
  region size 2048K, 0 young (0K), 0 survivors (0K)
 Metaspace       used 112925K, committed 114048K, reserved 1179648K
  class space    used 14459K, committed 14976K, reserved 1048576K
}
Event: 2287.379 GC heap before
{Heap before GC invocations=118 (full 23):
 garbage-first heap   total 131072K, used 110950K [0x0000000700800000, 0x0000000800000000)
  region size 2048K, 35 young (71680K), 0 survivors (0K)
 Metaspace       used 113181K, committed 114304K, reserved 1179648K
  class space    used 14489K, committed 15040K, reserved 1048576K
}
Event: 2287.383 GC heap after
{Heap after GC invocations=119 (full 23):
 garbage-first heap   total 131072K, used 46305K [0x0000000700800000, 0x0000000800000000)
  region size 2048K, 3 young (6144K), 3 survivors (6144K)
 Metaspace       used 113181K, committed 114304K, reserved 1179648K
  class space    used 14489K, committed 15040K, reserved 1048576K
}
Event: 2298.748 GC heap before
{Heap before GC invocations=120 (full 23):
 garbage-first heap   total 131072K, used 107745K [0x0000000700800000, 0x0000000800000000)
  region size 2048K, 34 young (69632K), 3 survivors (6144K)
 Metaspace       used 113797K, committed 114880K, reserved 1179648K
  class space    used 14533K, committed 15040K, reserved 1048576K
}
Event: 2298.814 GC heap after
{Heap after GC invocations=121 (full 24):
 garbage-first heap   total 131072K, used 41777K [0x0000000700800000, 0x0000000800000000)
  region size 2048K, 0 young (0K), 0 survivors (0K)
 Metaspace       used 113774K, committed 114880K, reserved 1179648K
  class space    used 14530K, committed 15040K, reserved 1048576K
}
Event: 2299.498 GC heap before
{Heap before GC invocations=121 (full 24):
 garbage-first heap   total 131072K, used 113457K [0x0000000700800000, 0x0000000800000000)
  region size 2048K, 35 young (71680K), 0 survivors (0K)
 Metaspace       used 114027K, committed 115200K, reserved 1179648K
  class space    used 14557K, committed 15104K, reserved 1048576K
}
Event: 2299.503 GC heap after
{Heap after GC invocations=122 (full 24):
 garbage-first heap   total 131072K, used 46545K [0x0000000700800000, 0x0000000800000000)
  region size 2048K, 3 young (6144K), 3 survivors (6144K)
 Metaspace       used 114027K, committed 115200K, reserved 1179648K
  class space    used 14557K, committed 15104K, reserved 1048576K
}
Event: 2303.576 GC heap before
{Heap before GC invocations=123 (full 24):
 garbage-first heap   total 131072K, used 105937K [0x0000000700800000, 0x0000000800000000)
  region size 2048K, 33 young (67584K), 3 survivors (6144K)
 Metaspace       used 114644K, committed 115840K, reserved 1179648K
  class space    used 14602K, committed 15168K, reserved 1048576K
}
Event: 2303.649 GC heap after
{Heap after GC invocations=124 (full 25):
 garbage-first heap   total 131072K, used 42152K [0x0000000700800000, 0x0000000800000000)
  region size 2048K, 0 young (0K), 0 survivors (0K)
 Metaspace       used 114621K, committed 115840K, reserved 1179648K
  class space    used 14599K, committed 15168K, reserved 1048576K
}
Event: 2304.318 GC heap before
{Heap before GC invocations=124 (full 25):
 garbage-first heap   total 131072K, used 113832K [0x0000000700800000, 0x0000000800000000)
  region size 2048K, 35 young (71680K), 0 survivors (0K)
 Metaspace       used 114872K, committed 116032K, reserved 1179648K
  class space    used 14626K, committed 15168K, reserved 1048576K
}
Event: 2304.324 GC heap after
{Heap after GC invocations=125 (full 25):
 garbage-first heap   total 131072K, used 47141K [0x0000000700800000, 0x0000000800000000)
  region size 2048K, 3 young (6144K), 3 survivors (6144K)
 Metaspace       used 114872K, committed 116032K, reserved 1179648K
  class space    used 14626K, committed 15168K, reserved 1048576K
}
Event: 2316.664 GC heap before
{Heap before GC invocations=126 (full 25):
 garbage-first heap   total 131072K, used 108581K [0x0000000700800000, 0x0000000800000000)
  region size 2048K, 34 young (69632K), 3 survivors (6144K)
 Metaspace       used 115485K, committed 116672K, reserved 1179648K
  class space    used 14670K, committed 15232K, reserved 1048576K
}
Event: 2316.733 GC heap after
{Heap after GC invocations=127 (full 26):
 garbage-first heap   total 131072K, used 42676K [0x0000000700800000, 0x0000000800000000)
  region size 2048K, 0 young (0K), 0 survivors (0K)
 Metaspace       used 115463K, committed 116672K, reserved 1179648K
  class space    used 14666K, committed 15232K, reserved 1048576K
}
Event: 2317.545 GC heap before
{Heap before GC invocations=127 (full 26):
 garbage-first heap   total 131072K, used 114356K [0x0000000700800000, 0x0000000800000000)
  region size 2048K, 35 young (71680K), 0 survivors (0K)
 Metaspace       used 115710K, committed 116864K, reserved 1179648K
  class space    used 14692K, committed 15232K, reserved 1048576K
}
Event: 2317.550 GC heap after
{Heap after GC invocations=128 (full 26):
 garbage-first heap   total 131072K, used 47664K [0x0000000700800000, 0x0000000800000000)
  region size 2048K, 3 young (6144K), 3 survivors (6144K)
 Metaspace       used 115710K, committed 116864K, reserved 1179648K
  class space    used 14692K, committed 15232K, reserved 1048576K
}
Event: 2339.919 GC heap before
{Heap before GC invocations=129 (full 26):
 garbage-first heap   total 131072K, used 113200K [0x0000000700800000, 0x0000000800000000)
  region size 2048K, 35 young (71680K), 3 survivors (6144K)
 Metaspace       used 116427K, committed 117696K, reserved 1179648K
  class space    used 14759K, committed 15360K, reserved 1048576K
}
Event: 2339.926 GC heap after
{Heap after GC invocations=130 (full 26):
 garbage-first heap   total 131072K, used 50375K [0x0000000700800000, 0x0000000800000000)
  region size 2048K, 4 young (8192K), 4 survivors (8192K)
 Metaspace       used 116427K, committed 117696K, reserved 1179648K
  class space    used 14759K, committed 15360K, reserved 1048576K
}

