# JRE version: OpenJDK Runtime Environment Temurin-21.0.6+7 (21.0.6+7) (build 21.0.6+7-LTS)
# Java VM: OpenJDK 64-Bit Server VM Temurin-21.0.6+7 (21.0.6+7-LTS, mixed mode, emulated-client, sharing, tiered, compressed oops, compressed class ptrs, g1 gc, windows-amd64)
GC Precious Log:
 CardTable entry size: 512
 Card Set container configuration: InlinePtr #cards 4 size 8 Array Of Cards #cards 16 size 48 Howl #buckets 8 coarsen threshold 3686 Howl Bitmap #cards 512 size 80 coarsen threshold 460 Card regions per heap region 1 cards per card region 4096
 CPUs: 4 total, 4 available
 Memory: 16348M
 Large Page Support: Disabled
 NUMA Support: Disabled
 Compressed Oops: Enabled (Zero based)
 Heap Region Size: 2M
 Heap Min Capacity: 8M
 Heap Initial Capacity: 256M
 Heap Max Capacity: 4088M
 Pre-touch: Disabled
 Parallel Workers: 4
 Concurrent Workers: 1
 Concurrent Refinement Workers: 4
 Periodic GC: Disabled
Heap:
 garbage-first heap   total 124928K, used 56844K [0x0000000700800000, 0x0000000800000000)
  region size 2048K, 9 young (18432K), 3 survivors (6144K)
 Metaspace       used 100446K, committed 101184K, reserved 1179648K
  class space    used 13488K, committed 13824K, reserved 1048576K
GC Heap History (20 events):
Event: 133.729 GC heap before
{Heap before GC invocations=34 (full 1):
 garbage-first heap   total 124928K, used 103920K [0x0000000700800000, 0x0000000800000000)
  region size 2048K, 33 young (67584K), 3 survivors (6144K)
 Metaspace       used 96868K, committed 97920K, reserved 1179648K
  class space    used 13169K, committed 13632K, reserved 1048576K
}
Event: 133.796 GC heap after
{Heap after GC invocations=35 (full 2):
 garbage-first heap   total 124928K, used 36067K [0x0000000700800000, 0x0000000800000000)
  region size 2048K, 0 young (0K), 0 survivors (0K)
 Metaspace       used 96843K, committed 97920K, reserved 1179648K
  class space    used 13165K, committed 13632K, reserved 1048576K
}
Event: 134.568 GC heap before
{Heap before GC invocations=35 (full 2):
 garbage-first heap   total 124928K, used 107747K [0x0000000700800000, 0x0000000800000000)
  region size 2048K, 36 young (73728K), 0 survivors (0K)
 Metaspace       used 97101K, committed 97920K, reserved 1179648K
  class space    used 13196K, committed 13632K, reserved 1048576K
}
Event: 134.572 GC heap after
{Heap after GC invocations=36 (full 2):
 garbage-first heap   total 124928K, used 41219K [0x0000000700800000, 0x0000000800000000)
  region size 2048K, 3 young (6144K), 3 survivors (6144K)
 Metaspace       used 97101K, committed 97920K, reserved 1179648K
  class space    used 13196K, committed 13632K, reserved 1048576K
}
Event: 140.849 GC heap before
{Heap before GC invocations=36 (full 2):
 garbage-first heap   total 124928K, used 98563K [0x0000000700800000, 0x0000000800000000)
  region size 2048K, 32 young (65536K), 3 survivors (6144K)
 Metaspace       used 97753K, committed 98624K, reserved 1179648K
  class space    used 13242K, committed 13696K, reserved 1048576K
}
Event: 140.906 GC heap after
{Heap after GC invocations=37 (full 3):
 garbage-first heap   total 124928K, used 36629K [0x0000000700800000, 0x0000000800000000)
  region size 2048K, 0 young (0K), 0 survivors (0K)
 Metaspace       used 97728K, committed 98624K, reserved 1179648K
  class space    used 13238K, committed 13696K, reserved 1048576K
}
Event: 141.639 GC heap before
{Heap before GC invocations=37 (full 3):
 garbage-first heap   total 124928K, used 108309K [0x0000000700800000, 0x0000000800000000)
  region size 2048K, 35 young (71680K), 0 survivors (0K)
 Metaspace       used 97989K, committed 98816K, reserved 1179648K
  class space    used 13270K, committed 13696K, reserved 1048576K
}
Event: 141.643 GC heap after
{Heap after GC invocations=38 (full 3):
 garbage-first heap   total 124928K, used 41640K [0x0000000700800000, 0x0000000800000000)
  region size 2048K, 3 young (6144K), 3 survivors (6144K)
 Metaspace       used 97989K, committed 98816K, reserved 1179648K
  class space    used 13270K, committed 13696K, reserved 1048576K
}
Event: 153.039 GC heap before
{Heap before GC invocations=39 (full 3):
 garbage-first heap   total 124928K, used 103080K [0x0000000700800000, 0x0000000800000000)
  region size 2048K, 34 young (69632K), 3 survivors (6144K)
 Metaspace       used 98653K, committed 99456K, reserved 1179648K
  class space    used 13317K, committed 13696K, reserved 1048576K
}
Event: 153.096 GC heap after
{Heap after GC invocations=40 (full 4):
 garbage-first heap   total 124928K, used 37179K [0x0000000700800000, 0x0000000800000000)
  region size 2048K, 0 young (0K), 0 survivors (0K)
 Metaspace       used 98630K, committed 99456K, reserved 1179648K
  class space    used 13314K, committed 13696K, reserved 1048576K
}
Event: 153.835 GC heap before
{Heap before GC invocations=40 (full 4):
 garbage-first heap   total 124928K, used 110907K [0x0000000700800000, 0x0000000800000000)
  region size 2048K, 36 young (73728K), 0 survivors (0K)
 Metaspace       used 98891K, committed 99648K, reserved 1179648K
  class space    used 13352K, committed 13696K, reserved 1048576K
}
Event: 153.839 GC heap after
{Heap after GC invocations=41 (full 4):
 garbage-first heap   total 124928K, used 42172K [0x0000000700800000, 0x0000000800000000)
  region size 2048K, 3 young (6144K), 3 survivors (6144K)
 Metaspace       used 98891K, committed 99648K, reserved 1179648K
  class space    used 13352K, committed 13696K, reserved 1048576K
}
Event: 162.094 GC heap before
{Heap before GC invocations=41 (full 4):
 garbage-first heap   total 124928K, used 101564K [0x0000000700800000, 0x0000000800000000)
  region size 2048K, 33 young (67584K), 3 survivors (6144K)
 Metaspace       used 99552K, committed 100288K, reserved 1179648K
  class space    used 13401K, committed 13760K, reserved 1048576K
}
Event: 162.149 GC heap after
{Heap after GC invocations=42 (full 5):
 garbage-first heap   total 124928K, used 37658K [0x0000000700800000, 0x0000000800000000)
  region size 2048K, 0 young (0K), 0 survivors (0K)
 Metaspace       used 99530K, committed 100288K, reserved 1179648K
  class space    used 13397K, committed 13760K, reserved 1048576K
}
Event: 162.851 GC heap before
{Heap before GC invocations=42 (full 5):
 garbage-first heap   total 124928K, used 107290K [0x0000000700800000, 0x0000000800000000)
  region size 2048K, 35 young (71680K), 0 survivors (0K)
 Metaspace       used 99806K, committed 100544K, reserved 1179648K
  class space    used 13439K, committed 13760K, reserved 1048576K
}
Event: 162.855 GC heap after
{Heap after GC invocations=43 (full 5):
 garbage-first heap   total 124928K, used 42674K [0x0000000700800000, 0x0000000800000000)
  region size 2048K, 3 young (6144K), 3 survivors (6144K)
 Metaspace       used 99806K, committed 100544K, reserved 1179648K
  class space    used 13439K, committed 13760K, reserved 1048576K
}
Event: 220.228 GC heap before
{Heap before GC invocations=43 (full 5):
 garbage-first heap   total 124928K, used 108210K [0x0000000700800000, 0x0000000800000000)
  region size 2048K, 35 young (71680K), 3 survivors (6144K)
 Metaspace       used 100423K, committed 101184K, reserved 1179648K
  class space    used 13483K, committed 13824K, reserved 1048576K
}
Event: 220.234 GC heap after
{Heap after GC invocations=44 (full 5):
 garbage-first heap   total 124928K, used 44922K [0x0000000700800000, 0x0000000800000000)
  region size 2048K, 4 young (8192K), 4 survivors (8192K)
 Metaspace       used 100423K, committed 101184K, reserved 1179648K
  class space    used 13483K, committed 13824K, reserved 1048576K
}
Event: 220.611 GC heap before
{Heap before GC invocations=44 (full 5):
 garbage-first heap   total 124928K, used 59258K [0x0000000700800000, 0x0000000800000000)
  region size 2048K, 13 young (26624K), 4 survivors (8192K)
 Metaspace       used 100424K, committed 101184K, reserved 1179648K
  class space    used 13484K, committed 13824K, reserved 1048576K
}
Event: 220.617 GC heap after
{Heap after GC invocations=45 (full 5):
 garbage-first heap   total 124928K, used 46604K [0x0000000700800000, 0x0000000800000000)
  region size 2048K, 3 young (6144K), 3 survivors (6144K)
 Metaspace       used 100424K, committed 101184K, reserved 1179648K
  class space    used 13484K, committed 13824K, reserved 1048576K
}

