<?xml version="1.0" encoding="UTF-8"?>
<testsuite xmlns:xsi="http://www.w3.org/2001/XMLSchema-instance" xsi:noNamespaceSchemaLocation="https://maven.apache.org/surefire/maven-surefire-plugin/xsd/surefire-test-report.xsd" version="3.0.2" name="com.yang.shopping.ShoppingApplicationTests" time="8.848" tests="1" errors="0" skipped="0" failures="0">
  <properties>
[...]
</properties>
  <testcase name="contextLoads" classname="com.yang.shopping.ShoppingApplicationTests" time="0.446">
    <system-out><![CDATA[15:56:11.772 [main] INFO org.springframework.test.context.support.AnnotationConfigContextLoaderUtils -- Could not detect default configuration classes for test class [com.yang.shopping.ShoppingApplicationTests]: ShoppingApplicationTests does not declare any static, non-private, non-final, nested classes annotated with @Configuration.
15:56:11.906 [main] INFO org.springframework.boot.test.context.SpringBootTestContextBootstrapper -- Found @SpringBootConfiguration com.yang.shopping.ShoppingApplication for test class com.yang.shopping.ShoppingApplicationTests
15:56:12.136 [main] INFO org.springframework.boot.devtools.restart.RestartApplicationListener -- Restart disabled due to context in which it is running

  .   ____          _            __ _ _
 /\\ / ___'_ __ _ _(_)_ __  __ _ \ \ \ \
( ( )\___ | '_ | '_| | '_ \/ _` | \ \ \ \
 \\/  ___)| |_)| | | | | || (_| |  ) ) ) )
  '  |____| .__|_| |_|_| |_\__, | / / / /
 =========|_|==============|___/=/_/_/_/

 :: Spring Boot ::                (v3.4.1)

2025-06-10T15:56:12.444+09:00  INFO 28640 --- [shopping] [           main] c.y.shopping.ShoppingApplicationTests    : Starting ShoppingApplicationTests using Java 17.0.13 with PID 28640 (started by sinae in C:\Users\sinae\git\springboot-JPA-gradle-shoppingMall\shopping)
2025-06-10T15:56:12.446+09:00  INFO 28640 --- [shopping] [           main] c.y.shopping.ShoppingApplicationTests    : No active profile set, falling back to 1 default profile: "default"
2025-06-10T15:56:13.443+09:00  INFO 28640 --- [shopping] [           main] .s.d.r.c.RepositoryConfigurationDelegate : Multiple Spring Data modules found, entering strict repository configuration mode
2025-06-10T15:56:13.445+09:00  INFO 28640 --- [shopping] [           main] .s.d.r.c.RepositoryConfigurationDelegate : Bootstrapping Spring Data JDBC repositories in DEFAULT mode.
2025-06-10T15:56:13.493+09:00  INFO 28640 --- [shopping] [           main] .RepositoryConfigurationExtensionSupport : Spring Data JDBC - Could not safely identify store assignment for repository candidate interface com.yang.shopping.repository.BoardRepository; If you want this repository to be a JDBC repository, consider annotating your entities with one of these annotations: org.springframework.data.relational.core.mapping.Table.
2025-06-10T15:56:13.496+09:00  INFO 28640 --- [shopping] [           main] .RepositoryConfigurationExtensionSupport : Spring Data JDBC - Could not safely identify store assignment for repository candidate interface com.yang.shopping.repository.CartRepository; If you want this repository to be a JDBC repository, consider annotating your entities with one of these annotations: org.springframework.data.relational.core.mapping.Table.
2025-06-10T15:56:13.498+09:00  INFO 28640 --- [shopping] [           main] .RepositoryConfigurationExtensionSupport : Spring Data JDBC - Could not safely identify store assignment for repository candidate interface com.yang.shopping.repository.FileRepository; If you want this repository to be a JDBC repository, consider annotating your entities with one of these annotations: org.springframework.data.relational.core.mapping.Table.
2025-06-10T15:56:13.500+09:00  INFO 28640 --- [shopping] [           main] .RepositoryConfigurationExtensionSupport : Spring Data JDBC - Could not safely identify store assignment for repository candidate interface com.yang.shopping.repository.MypageRepository; If you want this repository to be a JDBC repository, consider annotating your entities with one of these annotations: org.springframework.data.relational.core.mapping.Table.
2025-06-10T15:56:13.501+09:00  INFO 28640 --- [shopping] [           main] .RepositoryConfigurationExtensionSupport : Spring Data JDBC - Could not safely identify store assignment for repository candidate interface com.yang.shopping.repository.PayRepository; If you want this repository to be a JDBC repository, consider annotating your entities with one of these annotations: org.springframework.data.relational.core.mapping.Table.
2025-06-10T15:56:13.503+09:00  INFO 28640 --- [shopping] [           main] .RepositoryConfigurationExtensionSupport : Spring Data JDBC - Could not safely identify store assignment for repository candidate interface com.yang.shopping.repository.ProductRepository; If you want this repository to be a JDBC repository, consider annotating your entities with one of these annotations: org.springframework.data.relational.core.mapping.Table.
2025-06-10T15:56:13.505+09:00  INFO 28640 --- [shopping] [           main] .RepositoryConfigurationExtensionSupport : Spring Data JDBC - Could not safely identify store assignment for repository candidate interface com.yang.shopping.repository.UserRepository; If you want this repository to be a JDBC repository, consider annotating your entities with one of these annotations: org.springframework.data.relational.core.mapping.Table.
2025-06-10T15:56:13.507+09:00  INFO 28640 --- [shopping] [           main] .RepositoryConfigurationExtensionSupport : Spring Data JDBC - Could not safely identify store assignment for repository candidate interface com.yang.shopping.repository.WishRepository; If you want this repository to be a JDBC repository, consider annotating your entities with one of these annotations: org.springframework.data.relational.core.mapping.Table.
2025-06-10T15:56:13.508+09:00  INFO 28640 --- [shopping] [           main] .s.d.r.c.RepositoryConfigurationDelegate : Finished Spring Data repository scanning in 56 ms. Found 0 JDBC repository interfaces.
2025-06-10T15:56:13.520+09:00  INFO 28640 --- [shopping] [           main] .s.d.r.c.RepositoryConfigurationDelegate : Multiple Spring Data modules found, entering strict repository configuration mode
2025-06-10T15:56:13.521+09:00  INFO 28640 --- [shopping] [           main] .s.d.r.c.RepositoryConfigurationDelegate : Bootstrapping Spring Data JPA repositories in DEFAULT mode.
2025-06-10T15:56:13.674+09:00  INFO 28640 --- [shopping] [           main] .s.d.r.c.RepositoryConfigurationDelegate : Finished Spring Data repository scanning in 145 ms. Found 8 JPA repository interfaces.
2025-06-10T15:56:14.359+09:00  INFO 28640 --- [shopping] [           main] o.hibernate.jpa.internal.util.LogHelper  : HHH000204: Processing PersistenceUnitInfo [name: default]
2025-06-10T15:56:14.466+09:00  INFO 28640 --- [shopping] [           main] org.hibernate.Version                    : HHH000412: Hibernate ORM core version 6.6.4.Final
2025-06-10T15:56:14.532+09:00  INFO 28640 --- [shopping] [           main] o.h.c.internal.RegionFactoryInitiator    : HHH000026: Second-level cache disabled
2025-06-10T15:56:15.072+09:00  INFO 28640 --- [shopping] [           main] o.s.o.j.p.SpringPersistenceUnitInfo      : No LoadTimeWeaver setup: ignoring JPA class transformer
2025-06-10T15:56:15.116+09:00  INFO 28640 --- [shopping] [           main] com.zaxxer.hikari.HikariDataSource       : HikariPool-1 - Starting...
2025-06-10T15:56:15.429+09:00  INFO 28640 --- [shopping] [           main] com.zaxxer.hikari.pool.HikariPool        : HikariPool-1 - Added connection com.mysql.cj.jdbc.ConnectionImpl@42d0e41
2025-06-10T15:56:15.432+09:00  INFO 28640 --- [shopping] [           main] com.zaxxer.hikari.HikariDataSource       : HikariPool-1 - Start completed.
2025-06-10T15:56:15.488+09:00  WARN 28640 --- [shopping] [           main] org.hibernate.orm.deprecation            : HHH90000025: MySQL8Dialect does not need to be specified explicitly using 'hibernate.dialect' (remove the property setting and it will be selected by default)
2025-06-10T15:56:15.489+09:00  WARN 28640 --- [shopping] [           main] org.hibernate.orm.deprecation            : HHH90000026: MySQL8Dialect has been deprecated; use org.hibernate.dialect.MySQLDialect instead
2025-06-10T15:56:15.516+09:00  INFO 28640 --- [shopping] [           main] org.hibernate.orm.connections.pooling    : HHH10001005: Database info:
	Database JDBC URL [Connecting through datasource 'HikariDataSource (HikariPool-1)']
	Database driver: undefined/unknown
	Database version: 8.0
	Autocommit mode: undefined/unknown
	Isolation level: undefined/unknown
	Minimum pool size: undefined/unknown
	Maximum pool size: undefined/unknown
2025-06-10T15:56:15.525+09:00 DEBUG 28640 --- [shopping] [           main] o.h.t.d.sql.spi.DdlTypeRegistry          : addDescriptor(12, org.hibernate.type.descriptor.sql.internal.CapacityDependentDdlType@1818390b) replaced previous registration(org.hibernate.type.descriptor.sql.internal.CapacityDependentDdlType@67a38)
2025-06-10T15:56:15.525+09:00 DEBUG 28640 --- [shopping] [           main] o.h.t.d.sql.spi.DdlTypeRegistry          : addDescriptor(-9, org.hibernate.type.descriptor.sql.internal.CapacityDependentDdlType@7ef4aceb) replaced previous registration(org.hibernate.type.descriptor.sql.internal.CapacityDependentDdlType@31b650e9)
2025-06-10T15:56:15.525+09:00 DEBUG 28640 --- [shopping] [           main] o.h.t.d.sql.spi.DdlTypeRegistry          : addDescriptor(-3, org.hibernate.type.descriptor.sql.internal.CapacityDependentDdlType@683fe7b5) replaced previous registration(org.hibernate.type.descriptor.sql.internal.CapacityDependentDdlType@5b5b8730)
2025-06-10T15:56:15.525+09:00 DEBUG 28640 --- [shopping] [           main] o.h.t.d.sql.spi.DdlTypeRegistry          : addDescriptor(4003, org.hibernate.type.descriptor.sql.internal.DdlTypeImpl@93fb44) replaced previous registration(org.hibernate.type.descriptor.sql.internal.DdlTypeImpl@321c2a7)
2025-06-10T15:56:15.526+09:00 DEBUG 28640 --- [shopping] [           main] o.h.t.d.sql.spi.DdlTypeRegistry          : addDescriptor(4001, org.hibernate.type.descriptor.sql.internal.DdlTypeImpl@14b48f39) replaced previous registration(org.hibernate.type.descriptor.sql.internal.DdlTypeImpl@13d1f898)
2025-06-10T15:56:15.526+09:00 DEBUG 28640 --- [shopping] [           main] o.h.t.d.sql.spi.DdlTypeRegistry          : addDescriptor(4002, org.hibernate.type.descriptor.sql.internal.DdlTypeImpl@c87787d) replaced previous registration(org.hibernate.type.descriptor.sql.internal.DdlTypeImpl@1bea7b0)
2025-06-10T15:56:15.526+09:00 DEBUG 28640 --- [shopping] [           main] o.h.t.d.sql.spi.DdlTypeRegistry          : addDescriptor(2004, org.hibernate.type.descriptor.sql.internal.CapacityDependentDdlType@31433df9) replaced previous registration(org.hibernate.type.descriptor.sql.internal.DdlTypeImpl@2d4a0671)
2025-06-10T15:56:15.526+09:00 DEBUG 28640 --- [shopping] [           main] o.h.t.d.sql.spi.DdlTypeRegistry          : addDescriptor(2005, org.hibernate.type.descriptor.sql.internal.CapacityDependentDdlType@1ab9c735) replaced previous registration(org.hibernate.type.descriptor.sql.internal.DdlTypeImpl@6e4e60f5)
2025-06-10T15:56:15.526+09:00 DEBUG 28640 --- [shopping] [           main] o.h.t.d.sql.spi.DdlTypeRegistry          : addDescriptor(2011, org.hibernate.type.descriptor.sql.internal.CapacityDependentDdlType@464a3430) replaced previous registration(org.hibernate.type.descriptor.sql.internal.DdlTypeImpl@3bcedb06)
2025-06-10T15:56:16.755+09:00  INFO 28640 --- [shopping] [           main] o.h.e.t.j.p.i.JtaPlatformInitiator       : HHH000489: No JTA platform available (set 'hibernate.transaction.jta.platform' to enable JTA platform integration)
2025-06-10T15:56:16.876+09:00  INFO 28640 --- [shopping] [           main] j.LocalContainerEntityManagerFactoryBean : Initialized JPA EntityManagerFactory for persistence unit 'default'
2025-06-10T15:56:17.336+09:00  INFO 28640 --- [shopping] [           main] o.s.d.j.r.query.QueryEnhancerFactory     : Hibernate is in classpath; If applicable, HQL parser will be used.
2025-06-10T15:56:17.400+09:00  INFO 28640 --- [shopping] [           main] r$InitializeUserDetailsManagerConfigurer : Global AuthenticationManager configured with UserDetailsService bean with name principalDetailService
2025-06-10T15:56:18.723+09:00  INFO 28640 --- [shopping] [           main] o.s.b.a.w.s.WelcomePageHandlerMapping    : Adding welcome page template: index
2025-06-10T15:56:19.186+09:00 DEBUG 28640 --- [shopping] [           main] o.s.s.web.DefaultSecurityFilterChain     : Will secure any request with filters: DisableEncodeUrlFilter, WebAsyncManagerIntegrationFilter, SecurityContextHolderFilter, HeaderWriterFilter, LogoutFilter, UsernamePasswordAuthenticationFilter, RequestCacheAwareFilter, SecurityContextHolderAwareRequestFilter, AnonymousAuthenticationFilter, ExceptionTranslationFilter, AuthorizationFilter
2025-06-10T15:56:19.965+09:00  INFO 28640 --- [shopping] [           main] c.y.shopping.ShoppingApplicationTests    : Started ShoppingApplicationTests in 7.843 seconds (process running for 8.981)
]]></system-out>
  </testcase>
</testsuite>